2019-03-07 15:35:30,406 INFO osmnet Requesting network data within bounding box from Overpass API in 4 request(s)
2019-03-07 15:35:30,406 INFO osmnet Posting to http://www.overpass-api.de/api/interpreter with timeout=180, "{'data': '[out:json][timeout:180];(way["highway"]["highway"!~"cycleway|footway|path|pedestrian|steps|track|proposed|construction|bridleway|abandoned|platform|raceway|service"]["motor_vehicle"!~"no"]["motorcar"!~"no"]["service"!~"parking|parking_aisle|driveway|emergency_access"](47.63528800,106.35636311,47.95668634,106.97096010);>;);out;'}"
2019-03-07 15:35:32,549 INFO osmnet Downloaded 5,477.8KB from www.overpass-api.de in 2.14 seconds
2019-03-07 15:35:32,698 INFO osmnet Posting to http://www.overpass-api.de/api/interpreter with timeout=180, "{'data': '[out:json][timeout:180];(way["highway"]["highway"!~"cycleway|footway|path|pedestrian|steps|track|proposed|construction|bridleway|abandoned|platform|raceway|service"]["motor_vehicle"!~"no"]["motorcar"!~"no"]["service"!~"parking|parking_aisle|driveway|emergency_access"](47.94778142,106.35636311,48.25877948,106.98288991);>;);out;'}"
2019-03-07 15:35:34,283 INFO osmnet Downloaded 4,151.7KB from www.overpass-api.de in 1.59 seconds
2019-03-07 15:35:34,357 INFO osmnet Posting to http://www.overpass-api.de/api/interpreter with timeout=180, "{'data': '[out:json][timeout:180];(way["highway"]["highway"!~"cycleway|footway|path|pedestrian|steps|track|proposed|construction|bridleway|abandoned|platform|raceway|service"]["motor_vehicle"!~"no"]["motorcar"!~"no"]["service"!~"parking|parking_aisle|driveway|emergency_access"](47.93575046,106.97096010,48.25877948,107.57816400);>;);out;'}"
2019-03-07 15:35:36,857 INFO osmnet Downloaded 1,198.3KB from www.overpass-api.de in 2.50 seconds
2019-03-07 15:35:36,884 INFO osmnet Posting to http://www.overpass-api.de/api/interpreter with timeout=180, "{'data': '[out:json][timeout:180];(way["highway"]["highway"!~"cycleway|footway|path|pedestrian|steps|track|proposed|construction|bridleway|abandoned|platform|raceway|service"]["motor_vehicle"!~"no"]["motorcar"!~"no"]["service"!~"parking|parking_aisle|driveway|emergency_access"](47.63528800,106.95923580,47.94778142,107.57816400);>;);out;'}"
2019-03-07 15:35:48,972 INFO osmnet Downloaded 3,532.2KB from www.overpass-api.de in 12.09 seconds
2019-03-07 15:35:49,039 INFO osmnet Downloaded OSM network data within bounding box from Overpass API in 4 request(s) and 18.63 seconds
2019-03-07 15:35:50,003 INFO osmnet 16,149 duplicate records removed. Took 0.96 seconds
2019-03-07 15:35:50,378 INFO osmnet Returning OSM data with 107,622 nodes and 12,365 ways...
2019-03-07 15:36:07,959 INFO osmnet Edge node pairs completed. Took 17.58 seconds
2019-03-07 15:36:08,037 INFO osmnet Returning processed graph with 16,215 nodes and 21,741 edges...
2019-03-07 15:36:08,037 INFO osmnet Completed OSM data download and Pandana node and edge table creation in 37.65 seconds
2019-03-07 15:52:02,696 INFO osmnet Requesting network data within bounding box from Overpass API in 9 request(s)
2019-03-07 15:52:02,697 INFO osmnet Posting to http://www.overpass-api.de/api/interpreter with timeout=180, "{'data': '[out:json][timeout:180];(way["highway"]["highway"!~"cycleway|footway|path|pedestrian|steps|track|proposed|construction|bridleway|abandoned|platform|raceway|service"]["motor_vehicle"!~"no"]["motorcar"!~"no"]["service"!~"parking|parking_aisle|driveway|emergency_access"](47.50000000,105.89997511,47.80847398,106.45744624);>;);out;'}"
2019-03-07 15:52:03,441 INFO osmnet Downloaded 197.2KB from www.overpass-api.de in 0.74 seconds
2019-03-07 15:52:03,448 INFO osmnet Posting to http://www.overpass-api.de/api/interpreter with timeout=180, "{'data': '[out:json][timeout:180];(way["highway"]["highway"!~"cycleway|footway|path|pedestrian|steps|track|proposed|construction|bridleway|abandoned|platform|raceway|service"]["motor_vehicle"!~"no"]["motorcar"!~"no"]["service"!~"parking|parking_aisle|driveway|emergency_access"](47.80274900,105.89997511,48.11693152,106.46614594);>;);out;'}"
2019-03-07 15:52:04,061 INFO osmnet Downloaded 93.3KB from www.overpass-api.de in 0.61 seconds
2019-03-07 15:52:04,065 INFO osmnet Posting to http://www.overpass-api.de/api/interpreter with timeout=180, "{'data': '[out:json][timeout:180];(way["highway"]["highway"!~"cycleway|footway|path|pedestrian|steps|track|proposed|construction|bridleway|abandoned|platform|raceway|service"]["motor_vehicle"!~"no"]["motorcar"!~"no"]["service"!~"parking|parking_aisle|driveway|emergency_access"](48.11110246,105.89997608,48.40275647,106.47451047);>;);out;'}"
2019-03-07 15:52:04,512 INFO osmnet Downloaded 128.1KB from www.overpass-api.de in 0.45 seconds
2019-03-07 15:52:04,517 INFO osmnet Posting to http://www.overpass-api.de/api/interpreter with timeout=180, "{'data': '[out:json][timeout:180];(way["highway"]["highway"!~"cycleway|footway|path|pedestrian|steps|track|proposed|construction|bridleway|abandoned|platform|raceway|service"]["motor_vehicle"!~"no"]["motorcar"!~"no"]["service"!~"parking|parking_aisle|driveway|emergency_access"](48.10239879,106.46614594,48.40275647,107.04898520);>;);out;'}"
2019-03-07 15:52:05,141 INFO osmnet Downloaded 657.0KB from www.overpass-api.de in 0.62 seconds
2019-03-07 15:52:05,157 INFO osmnet Posting to http://www.overpass-api.de/api/interpreter with timeout=180, "{'data': '[out:json][timeout:180];(way["highway"]["highway"!~"cycleway|footway|path|pedestrian|steps|track|proposed|construction|bridleway|abandoned|platform|raceway|service"]["motor_vehicle"!~"no"]["motorcar"!~"no"]["service"!~"parking|parking_aisle|driveway|emergency_access"](48.09152815,107.03701985,48.40264339,107.57816400);>;);out;'}"
2019-03-07 15:52:05,748 INFO osmnet Downloaded 33.4KB from www.overpass-api.de in 0.59 seconds
2019-03-07 15:52:05,750 INFO osmnet Posting to http://www.overpass-api.de/api/interpreter with timeout=180, "{'data': '[out:json][timeout:180];(way["highway"]["highway"!~"cycleway|footway|path|pedestrian|steps|track|proposed|construction|bridleway|abandoned|platform|raceway|service"]["motor_vehicle"!~"no"]["motorcar"!~"no"]["service"!~"parking|parking_aisle|driveway|emergency_access"](47.78304133,107.02493762,48.10239879,107.57809581);>;);out;'}"
2019-03-07 15:52:07,084 INFO osmnet Downloaded 2,317.5KB from www.overpass-api.de in 1.33 seconds
2019-03-07 15:52:07,131 INFO osmnet Posting to http://www.overpass-api.de/api/interpreter with timeout=180, "{'data': '[out:json][timeout:180];(way["highway"]["highway"!~"cycleway|footway|path|pedestrian|steps|track|proposed|construction|bridleway|abandoned|platform|raceway|service"]["motor_vehicle"!~"no"]["motorcar"!~"no"]["service"!~"parking|parking_aisle|driveway|emergency_access"](47.50000000,107.01370119,47.79413838,107.57816400);>;);out;'}"
2019-03-07 15:52:08,056 INFO osmnet Downloaded 852.1KB from www.overpass-api.de in 0.93 seconds
2019-03-07 15:52:08,075 INFO osmnet Posting to http://www.overpass-api.de/api/interpreter with timeout=180, "{'data': '[out:json][timeout:180];(way["highway"]["highway"!~"cycleway|footway|path|pedestrian|steps|track|proposed|construction|bridleway|abandoned|platform|raceway|service"]["motor_vehicle"!~"no"]["motorcar"!~"no"]["service"!~"parking|parking_aisle|driveway|emergency_access"](47.50270435,106.44911991,47.80274900,107.02493762);>;);out;'}"
2019-03-07 15:52:09,079 INFO osmnet Downloaded 686.4KB from www.overpass-api.de in 1.00 seconds
2019-03-07 15:52:09,094 INFO osmnet Posting to http://www.overpass-api.de/api/interpreter with timeout=180, "{'data': '[out:json][timeout:180];(way["highway"]["highway"!~"cycleway|footway|path|pedestrian|steps|track|proposed|construction|bridleway|abandoned|platform|raceway|service"]["motor_vehicle"!~"no"]["motorcar"!~"no"]["service"!~"parking|parking_aisle|driveway|emergency_access"](47.79413838,106.45744625,48.11110246,107.03701985);>;);out;'}"
2019-03-07 15:52:12,291 INFO osmnet Downloaded 9,051.2KB from www.overpass-api.de in 3.20 seconds
2019-03-07 15:52:12,495 INFO osmnet Downloaded OSM network data within bounding box from Overpass API in 9 request(s) and 9.80 seconds
2019-03-07 15:52:13,440 INFO osmnet 8,278 duplicate records removed. Took 0.94 seconds
2019-03-07 15:52:13,845 INFO osmnet Returning OSM data with 112,166 nodes and 12,567 ways...
2019-03-07 15:52:29,755 INFO osmnet Edge node pairs completed. Took 15.91 seconds
2019-03-07 15:52:29,833 INFO osmnet Returning processed graph with 16,521 nodes and 22,189 edges...
2019-03-07 15:52:29,833 INFO osmnet Completed OSM data download and Pandana node and edge table creation in 27.16 seconds
2019-03-07 15:52:54,912 INFO osmnet Requesting network data within bounding box from Overpass API in 12 request(s)
2019-03-07 15:52:54,913 INFO osmnet Posting to http://www.overpass-api.de/api/interpreter with timeout=180, "{'data': '[out:json][timeout:180];(way["highway"]["highway"!~"cycleway|footway|path|pedestrian|steps|track|proposed|construction|bridleway|abandoned|platform|raceway|service"]["motor_vehicle"!~"no"]["motorcar"!~"no"]["service"!~"parking|parking_aisle|driveway|emergency_access"](47.50000000,105.89997501,47.81102970,106.39650046);>;);out;'}"
2019-03-07 15:52:55,458 INFO osmnet Downloaded 176.6KB from www.overpass-api.de in 0.54 seconds
2019-03-07 15:52:55,463 INFO osmnet Posting to http://www.overpass-api.de/api/interpreter with timeout=180, "{'data': '[out:json][timeout:180];(way["highway"]["highway"!~"cycleway|footway|path|pedestrian|steps|track|proposed|construction|bridleway|abandoned|platform|raceway|service"]["motor_vehicle"!~"no"]["motorcar"!~"no"]["service"!~"parking|parking_aisle|driveway|emergency_access"](47.80606253,105.89997501,48.12204268,106.40490707);>;);out;'}"
2019-03-07 15:52:55,864 INFO osmnet Downloaded 48.5KB from www.overpass-api.de in 0.40 seconds
2019-03-07 15:52:55,866 INFO osmnet Posting to http://www.overpass-api.de/api/interpreter with timeout=180, "{'data': '[out:json][timeout:180];(way["highway"]["highway"!~"cycleway|footway|path|pedestrian|steps|track|proposed|construction|bridleway|abandoned|platform|raceway|service"]["motor_vehicle"!~"no"]["motorcar"!~"no"]["service"!~"parking|parking_aisle|driveway|emergency_access"](48.11697882,105.89997632,48.40331560,106.41277644);>;);out;'}"
2019-03-07 15:52:56,496 INFO osmnet Downloaded 96.4KB from www.overpass-api.de in 0.63 seconds
2019-03-07 15:52:56,499 INFO osmnet Posting to http://www.overpass-api.de/api/interpreter with timeout=180, "{'data': '[out:json][timeout:180];(way["highway"]["highway"!~"cycleway|footway|path|pedestrian|steps|track|proposed|construction|bridleway|abandoned|platform|raceway|service"]["motor_vehicle"!~"no"]["motorcar"!~"no"]["service"!~"parking|parking_aisle|driveway|emergency_access"](48.10961732,106.40490707,48.40434498,106.92554656);>;);out;'}"
2019-03-07 15:52:57,019 INFO osmnet Downloaded 556.0KB from www.overpass-api.de in 0.52 seconds
2019-03-07 15:52:57,031 INFO osmnet Posting to http://www.overpass-api.de/api/interpreter with timeout=180, "{'data': '[out:json][timeout:180];(way["highway"]["highway"!~"cycleway|footway|path|pedestrian|steps|track|proposed|construction|bridleway|abandoned|platform|raceway|service"]["motor_vehicle"!~"no"]["motorcar"!~"no"]["service"!~"parking|parking_aisle|driveway|emergency_access"](48.09999827,106.91450690,48.40434498,107.43824625);>;);out;'}"
2019-03-07 15:52:57,548 INFO osmnet Downloaded 140.6KB from www.overpass-api.de in 0.52 seconds
2019-03-07 15:52:57,553 INFO osmnet Posting to http://www.overpass-api.de/api/interpreter with timeout=180, "{'data': '[out:json][timeout:180];(way["highway"]["highway"!~"cycleway|footway|path|pedestrian|steps|track|proposed|construction|bridleway|abandoned|platform|raceway|service"]["motor_vehicle"!~"no"]["motorcar"!~"no"]["service"!~"parking|parking_aisle|driveway|emergency_access"](48.08896331,107.42387116,48.40308841,107.90000000);>;);out;'}"
2019-03-07 15:52:58,028 INFO osmnet Downloaded 137.2KB from www.overpass-api.de in 0.48 seconds
2019-03-07 15:52:58,032 INFO osmnet Posting to http://www.overpass-api.de/api/interpreter with timeout=180, "{'data': '[out:json][timeout:180];(way["highway"]["highway"!~"cycleway|footway|path|pedestrian|steps|track|proposed|construction|bridleway|abandoned|platform|raceway|service"]["motor_vehicle"!~"no"]["motorcar"!~"no"]["service"!~"parking|parking_aisle|driveway|emergency_access"](47.77791186,107.40937872,48.09999827,107.89992408);>;);out;'}"
2019-03-07 15:52:58,807 INFO osmnet Downloaded 425.3KB from www.overpass-api.de in 0.78 seconds
2019-03-07 15:52:58,817 INFO osmnet Posting to http://www.overpass-api.de/api/interpreter with timeout=180, "{'data': '[out:json][timeout:180];(way["highway"]["highway"!~"cycleway|footway|path|pedestrian|steps|track|proposed|construction|bridleway|abandoned|platform|raceway|service"]["motor_vehicle"!~"no"]["motorcar"!~"no"]["service"!~"parking|parking_aisle|driveway|emergency_access"](47.50000000,107.39625573,47.78926498,107.90000000);>;);out;'}"
2019-03-07 15:52:59,426 INFO osmnet Downloaded 152.5KB from www.overpass-api.de in 0.61 seconds
2019-03-07 15:52:59,430 INFO osmnet Posting to http://www.overpass-api.de/api/interpreter with timeout=180, "{'data': '[out:json][timeout:180];(way["highway"]["highway"!~"cycleway|footway|path|pedestrian|steps|track|proposed|construction|bridleway|abandoned|platform|raceway|service"]["motor_vehicle"!~"no"]["motorcar"!~"no"]["service"!~"parking|parking_aisle|driveway|emergency_access"](47.50328833,106.89238491,47.79878038,107.40937872);>;);out;'}"
2019-03-07 15:53:00,228 INFO osmnet Downloaded 1,044.4KB from www.overpass-api.de in 0.80 seconds
2019-03-07 15:53:00,249 INFO osmnet Posting to http://www.overpass-api.de/api/interpreter with timeout=180, "{'data': '[out:json][timeout:180];(way["highway"]["highway"!~"cycleway|footway|path|pedestrian|steps|track|proposed|construction|bridleway|abandoned|platform|raceway|service"]["motor_vehicle"!~"no"]["motorcar"!~"no"]["service"!~"parking|parking_aisle|driveway|emergency_access"](47.50322079,106.38844775,47.80606253,106.90305487);>;);out;'}"
2019-03-07 15:53:01,007 INFO osmnet Downloaded 495.4KB from www.overpass-api.de in 0.76 seconds
2019-03-07 15:53:01,018 INFO osmnet Posting to http://www.overpass-api.de/api/interpreter with timeout=180, "{'data': '[out:json][timeout:180];(way["highway"]["highway"!~"cycleway|footway|path|pedestrian|steps|track|proposed|construction|bridleway|abandoned|platform|raceway|service"]["motor_vehicle"!~"no"]["motorcar"!~"no"]["service"!~"parking|parking_aisle|driveway|emergency_access"](47.79878038,106.39650047,48.11697882,106.91450689);>;);out;'}"
2019-03-07 15:53:03,215 INFO osmnet Downloaded 5,843.5KB from www.overpass-api.de in 2.20 seconds
2019-03-07 15:53:03,321 INFO osmnet Posting to http://www.overpass-api.de/api/interpreter with timeout=180, "{'data': '[out:json][timeout:180];(way["highway"]["highway"!~"cycleway|footway|path|pedestrian|steps|track|proposed|construction|bridleway|abandoned|platform|raceway|service"]["motor_vehicle"!~"no"]["motorcar"!~"no"]["service"!~"parking|parking_aisle|driveway|emergency_access"](47.78926498,106.90305487,48.10961732,107.42387116);>;);out;'}"
2019-03-07 15:53:05,701 INFO osmnet Downloaded 5,970.7KB from www.overpass-api.de in 2.38 seconds
2019-03-07 15:53:05,808 INFO osmnet Downloaded OSM network data within bounding box from Overpass API in 12 request(s) and 10.90 seconds
2019-03-07 15:53:06,866 INFO osmnet 16,642 duplicate records removed. Took 1.06 seconds
2019-03-07 15:53:07,296 INFO osmnet Returning OSM data with 113,867 nodes and 12,617 ways...
2019-03-07 15:53:23,007 INFO osmnet Edge node pairs completed. Took 15.71 seconds
2019-03-07 15:53:23,082 INFO osmnet Returning processed graph with 16,572 nodes and 22,255 edges...
2019-03-07 15:53:23,082 INFO osmnet Completed OSM data download and Pandana node and edge table creation in 28.19 seconds
2019-03-07 15:54:51,392 INFO osmnet Requesting network data within bounding box from Overpass API in 12 request(s)
2019-03-07 15:54:51,393 INFO osmnet Posting to http://www.overpass-api.de/api/interpreter with timeout=180, "{'data': '[out:json][timeout:180];(way["highway"]["highway"!~"cycleway|footway|path|pedestrian|steps|track|proposed|construction|bridleway|abandoned|platform|raceway|service"]["motor_vehicle"!~"no"]["motorcar"!~"no"]["service"!~"parking|parking_aisle|driveway|emergency_access"](47.40000000,106.09994590,47.81219155,106.59336166);>;);out;'}"
2019-03-07 15:54:52,240 INFO osmnet Downloaded 244.0KB from www.overpass-api.de in 0.85 seconds
2019-03-07 15:54:52,246 INFO osmnet Posting to http://www.overpass-api.de/api/interpreter with timeout=180, "{'data': '[out:json][timeout:180];(way["highway"]["highway"!~"cycleway|footway|path|pedestrian|steps|track|proposed|construction|bridleway|abandoned|platform|raceway|service"]["motor_vehicle"!~"no"]["motorcar"!~"no"]["service"!~"parking|parking_aisle|driveway|emergency_access"](47.80640225,106.09994590,48.22435390,106.60610770);>;);out;'}"
2019-03-07 15:54:53,054 INFO osmnet Downloaded 263.0KB from www.overpass-api.de in 0.81 seconds
2019-03-07 15:54:53,061 INFO osmnet Posting to http://www.overpass-api.de/api/interpreter with timeout=180, "{'data': '[out:json][timeout:180];(way["highway"]["highway"!~"cycleway|footway|path|pedestrian|steps|track|proposed|construction|bridleway|abandoned|platform|raceway|service"]["motor_vehicle"!~"no"]["motorcar"!~"no"]["service"!~"parking|parking_aisle|driveway|emergency_access"](48.21839630,106.09994813,48.60333618,106.61827928);>;);out;'}"
2019-03-07 15:54:53,559 INFO osmnet Downloaded 293.5KB from www.overpass-api.de in 0.50 seconds
2019-03-07 15:54:53,565 INFO osmnet Posting to http://www.overpass-api.de/api/interpreter with timeout=180, "{'data': '[out:json][timeout:180];(way["highway"]["highway"!~"cycleway|footway|path|pedestrian|steps|track|proposed|construction|bridleway|abandoned|platform|raceway|service"]["motor_vehicle"!~"no"]["motorcar"!~"no"]["service"!~"parking|parking_aisle|driveway|emergency_access"](48.21006443,106.60610770,48.60433864,107.13654490);>;);out;'}"
2019-03-07 15:54:54,136 INFO osmnet Downloaded 318.0KB from www.overpass-api.de in 0.57 seconds
2019-03-07 15:54:54,144 INFO osmnet Posting to http://www.overpass-api.de/api/interpreter with timeout=180, "{'data': '[out:json][timeout:180];(way["highway"]["highway"!~"cycleway|footway|path|pedestrian|steps|track|proposed|construction|bridleway|abandoned|platform|raceway|service"]["motor_vehicle"!~"no"]["motorcar"!~"no"]["service"!~"parking|parking_aisle|driveway|emergency_access"](48.19943734,107.12008601,48.60433864,107.65473054);>;);out;'}"
2019-03-07 15:54:54,958 INFO osmnet Downloaded 0.3KB from www.overpass-api.de in 0.81 seconds
2019-03-07 15:54:54,959 INFO osmnet Posting to http://www.overpass-api.de/api/interpreter with timeout=180, "{'data': '[out:json][timeout:180];(way["highway"]["highway"!~"cycleway|footway|path|pedestrian|steps|track|proposed|construction|bridleway|abandoned|platform|raceway|service"]["motor_vehicle"!~"no"]["motorcar"!~"no"]["service"!~"parking|parking_aisle|driveway|emergency_access"](48.18780572,107.63379866,48.60300775,108.10000000);>;);out;'}"
2019-03-07 15:54:55,574 INFO osmnet Downloaded 155.9KB from www.overpass-api.de in 0.62 seconds
2019-03-07 15:54:55,579 INFO osmnet Posting to http://www.overpass-api.de/api/interpreter with timeout=180, "{'data': '[out:json][timeout:180];(way["highway"]["highway"!~"cycleway|footway|path|pedestrian|steps|track|proposed|construction|bridleway|abandoned|platform|raceway|service"]["motor_vehicle"!~"no"]["motorcar"!~"no"]["service"!~"parking|parking_aisle|driveway|emergency_access"](47.77558606,107.61291517,48.19943734,108.09985476);>;);out;'}"
2019-03-07 15:54:56,367 INFO osmnet Downloaded 239.5KB from www.overpass-api.de in 0.79 seconds
2019-03-07 15:54:56,374 INFO osmnet Posting to http://www.overpass-api.de/api/interpreter with timeout=180, "{'data': '[out:json][timeout:180];(way["highway"]["highway"!~"cycleway|footway|path|pedestrian|steps|track|proposed|construction|bridleway|abandoned|platform|raceway|service"]["motor_vehicle"!~"no"]["motorcar"!~"no"]["service"!~"parking|parking_aisle|driveway|emergency_access"](47.40000000,107.59383480,47.78771359,108.10000000);>;);out;'}"
2019-03-07 15:54:57,037 INFO osmnet Downloaded 158.0KB from www.overpass-api.de in 0.66 seconds
2019-03-07 15:54:57,042 INFO osmnet Posting to http://www.overpass-api.de/api/interpreter with timeout=180, "{'data': '[out:json][timeout:180];(way["highway"]["highway"!~"cycleway|footway|path|pedestrian|steps|track|proposed|construction|bridleway|abandoned|platform|raceway|service"]["motor_vehicle"!~"no"]["motorcar"!~"no"]["service"!~"parking|parking_aisle|driveway|emergency_access"](47.40330021,107.08753476,47.79818919,107.61291517);>;);out;'}"
2019-03-07 15:54:57,997 INFO osmnet Downloaded 807.7KB from www.overpass-api.de in 0.96 seconds
2019-03-07 15:54:58,013 INFO osmnet Posting to http://www.overpass-api.de/api/interpreter with timeout=180, "{'data': '[out:json][timeout:180];(way["highway"]["highway"!~"cycleway|footway|path|pedestrian|steps|track|proposed|construction|bridleway|abandoned|platform|raceway|service"]["motor_vehicle"!~"no"]["motorcar"!~"no"]["service"!~"parking|parking_aisle|driveway|emergency_access"](47.40318938,106.58116088,47.80640225,107.10326752);>;);out;'}"
2019-03-07 15:54:58,822 INFO osmnet Downloaded 679.6KB from www.overpass-api.de in 0.81 seconds
2019-03-07 15:54:58,836 INFO osmnet Posting to http://www.overpass-api.de/api/interpreter with timeout=180, "{'data': '[out:json][timeout:180];(way["highway"]["highway"!~"cycleway|footway|path|pedestrian|steps|track|proposed|construction|bridleway|abandoned|platform|raceway|service"]["motor_vehicle"!~"no"]["motorcar"!~"no"]["service"!~"parking|parking_aisle|driveway|emergency_access"](47.79818919,106.59336166,48.21839630,107.12008601);>;);out;'}"
2019-03-07 15:55:01,922 INFO osmnet Downloaded 10,206.3KB from www.overpass-api.de in 3.09 seconds
2019-03-07 15:55:02,071 INFO osmnet Posting to http://www.overpass-api.de/api/interpreter with timeout=180, "{'data': '[out:json][timeout:180];(way["highway"]["highway"!~"cycleway|footway|path|pedestrian|steps|track|proposed|construction|bridleway|abandoned|platform|raceway|service"]["motor_vehicle"!~"no"]["motorcar"!~"no"]["service"!~"parking|parking_aisle|driveway|emergency_access"](47.78771359,107.10326752,48.21006443,107.63379866);>;);out;'}"
2019-03-07 15:55:03,152 INFO osmnet Downloaded 1,393.1KB from www.overpass-api.de in 1.08 seconds
2019-03-07 15:55:03,182 INFO osmnet Downloaded OSM network data within bounding box from Overpass API in 12 request(s) and 11.79 seconds
2019-03-07 15:55:04,257 INFO osmnet 10,740 duplicate records removed. Took 1.07 seconds
2019-03-07 15:55:04,763 INFO osmnet Returning OSM data with 116,896 nodes and 12,680 ways...
2019-03-07 15:55:20,641 INFO osmnet Edge node pairs completed. Took 15.88 seconds
2019-03-07 15:55:20,763 INFO osmnet Returning processed graph with 16,645 nodes and 22,350 edges...
2019-03-07 15:55:20,763 INFO osmnet Completed OSM data download and Pandana node and edge table creation in 29.39 seconds
2019-03-07 16:03:43,798 INFO osmnet Requesting network data within bounding box from Overpass API in 6 request(s)
2019-03-07 16:03:43,799 INFO osmnet Posting to http://www.overpass-api.de/api/interpreter with timeout=180, "{'data': '[out:json][timeout:180];(way["highway"]["highway"!~"cycleway|footway|path|pedestrian|steps|track|proposed|construction|bridleway|abandoned|platform|raceway|service"]["motor_vehicle"!~"no"]["motorcar"!~"no"]["service"!~"parking|parking_aisle|driveway|emergency_access"](47.40000000,106.24995749,47.74014534,106.87486799);>;);out;'}"
2019-03-07 16:03:44,910 INFO osmnet Downloaded 250.7KB from www.overpass-api.de in 1.11 seconds
2019-03-07 16:03:44,916 INFO osmnet Posting to http://www.overpass-api.de/api/interpreter with timeout=180, "{'data': '[out:json][timeout:180];(way["highway"]["highway"!~"cycleway|footway|path|pedestrian|steps|track|proposed|construction|bridleway|abandoned|platform|raceway|service"]["motor_vehicle"!~"no"]["motorcar"!~"no"]["service"!~"parking|parking_aisle|driveway|emergency_access"](47.73163569,106.24995749,48.08027090,106.88718698);>;);out;'}"
2019-03-07 16:03:46,365 INFO osmnet Downloaded 4,400.5KB from www.overpass-api.de in 1.45 seconds
2019-03-07 16:03:46,442 INFO osmnet Posting to http://www.overpass-api.de/api/interpreter with timeout=180, "{'data': '[out:json][timeout:180];(way["highway"]["highway"!~"cycleway|footway|path|pedestrian|steps|track|proposed|construction|bridleway|abandoned|platform|raceway|service"]["motor_vehicle"!~"no"]["motorcar"!~"no"]["service"!~"parking|parking_aisle|driveway|emergency_access"](48.07157015,106.24995862,48.40169572,106.89937143);>;);out;'}"
2019-03-07 16:03:50,667 INFO osmnet Downloaded 715.5KB from www.overpass-api.de in 4.22 seconds
2019-03-07 16:03:50,683 INFO osmnet Posting to http://www.overpass-api.de/api/interpreter with timeout=180, "{'data': '[out:json][timeout:180];(way["highway"]["highway"!~"cycleway|footway|path|pedestrian|steps|track|proposed|construction|bridleway|abandoned|platform|raceway|service"]["motor_vehicle"!~"no"]["motorcar"!~"no"]["service"!~"parking|parking_aisle|driveway|emergency_access"](48.05986725,106.88718698,48.40169572,107.50000000);>;);out;'}"
2019-03-07 16:03:57,787 INFO osmnet Downloaded 578.9KB from www.overpass-api.de in 7.10 seconds
2019-03-07 16:03:57,800 INFO osmnet Posting to http://www.overpass-api.de/api/interpreter with timeout=180, "{'data': '[out:json][timeout:180];(way["highway"]["highway"!~"cycleway|footway|path|pedestrian|steps|track|proposed|construction|bridleway|abandoned|platform|raceway|service"]["motor_vehicle"!~"no"]["motorcar"!~"no"]["service"!~"parking|parking_aisle|driveway|emergency_access"](47.71971617,106.87486799,48.07157015,107.49991766);>;);out;'}"
2019-03-07 16:04:02,765 INFO osmnet Downloaded 8,018.1KB from www.overpass-api.de in 4.97 seconds
2019-03-07 16:04:02,906 INFO osmnet Posting to http://www.overpass-api.de/api/interpreter with timeout=180, "{'data': '[out:json][timeout:180];(way["highway"]["highway"!~"cycleway|footway|path|pedestrian|steps|track|proposed|construction|bridleway|abandoned|platform|raceway|service"]["motor_vehicle"!~"no"]["motorcar"!~"no"]["service"!~"parking|parking_aisle|driveway|emergency_access"](47.40000000,106.86312719,47.73163569,107.50000000);>;);out;'}"
2019-03-07 16:04:09,267 INFO osmnet Downloaded 452.6KB from www.overpass-api.de in 6.36 seconds
2019-03-07 16:04:09,278 INFO osmnet Downloaded OSM network data within bounding box from Overpass API in 6 request(s) and 25.48 seconds
2019-03-07 16:04:10,330 INFO osmnet 13,336 duplicate records removed. Took 1.05 seconds
2019-03-07 16:04:10,925 INFO osmnet Returning OSM data with 110,827 nodes and 12,520 ways...
2019-03-07 16:04:26,972 INFO osmnet Edge node pairs completed. Took 16.05 seconds
2019-03-07 16:04:27,800 INFO osmnet Returning processed graph with 16,467 nodes and 22,118 edges...
2019-03-07 16:04:27,800 INFO osmnet Completed OSM data download and Pandana node and edge table creation in 44.02 seconds
